Tripcount-master/app/build/intermediates/manifest_merge_blame_file/debug/manifest-merger-blame-debug-report.txt
1<?xml version="1.0" encoding="utf-8"?>
2<manifest xmlns:android="http://schemas.android.com/apk/res/android"
3    package="app.msdeep14.tripcount"
4    android:versionCode="1"
5    android:versionName="1.0" >
6
7    <uses-sdk
8        android:minSdkVersion="16"
8-->src\main\AndroidManifest.xml
9        android:targetSdkVersion="23" />
9-->src\main\AndroidManifest.xml
10
11    <supports-screens
11-->src\main\AndroidManifest.xml:5:5-11:11
12        android:anyDensity="true"
12-->src\main\AndroidManifest.xml:10:9-34
13        android:largeScreens="true"
13-->src\main\AndroidManifest.xml:9:9-36
14        android:normalScreens="true"
14-->src\main\AndroidManifest.xml:8:9-37
15        android:resizeable="true"
15-->src\main\AndroidManifest.xml:6:9-34
16        android:smallScreens="true" />
16-->src\main\AndroidManifest.xml:7:9-36
17
18    <application
18-->src\main\AndroidManifest.xml:12:5-86:19
19        android:allowBackup="true"
19-->src\main\AndroidManifest.xml:13:9-35
20        android:debuggable="true"
21        android:icon="@mipmap/ic_launcher"
21-->src\main\AndroidManifest.xml:14:9-43
22        android:label="@string/app_name"
22-->src\main\AndroidManifest.xml:15:9-41
23        android:supportsRtl="true"
23-->src\main\AndroidManifest.xml:16:9-35
24        android:theme="@style/AppTheme" >
24-->src\main\AndroidManifest.xml:17:9-40
25        <activity
25-->src\main\AndroidManifest.xml:18:9-25:20
26            android:name="app.msdeep14.tripcount.MainActivity"
26-->src\main\AndroidManifest.xml:18:19-47
27            android:screenOrientation="portrait" >
27-->src\main\AndroidManifest.xml:19:13-49
28            <intent-filter>
28-->src\main\AndroidManifest.xml:20:13-24:29
29                <action android:name="android.intent.action.MAIN" />
29-->src\main\AndroidManifest.xml:21:17-69
29-->src\main\AndroidManifest.xml:21:25-66
30
31                <category android:name="android.intent.category.LAUNCHER" />
31-->src\main\AndroidManifest.xml:23:17-77
31-->src\main\AndroidManifest.xml:23:27-74
32            </intent-filter>
33        </activity>
34        <activity
34-->src\main\AndroidManifest.xml:26:9-35:20
35            android:name="app.msdeep14.tripcount.AddPlace"
35-->src\main\AndroidManifest.xml:26:19-43
36            android:parentActivityName="app.msdeep14.tripcount.MainActivity"
36-->src\main\AndroidManifest.xml:28:13-55
37            android:screenOrientation="portrait" >
37-->src\main\AndroidManifest.xml:27:13-49
38            <intent-filter>
38-->src\main\AndroidManifest.xml:30:13-34:29
39                <action android:name="app.msdeep14.tripcount.AddPlace" />
39-->src\main\AndroidManifest.xml:31:17-74
39-->src\main\AndroidManifest.xml:31:25-71
40
41                <category android:name="android.intent.category.DEFAULT" />
41-->src\main\AndroidManifest.xml:33:17-76
41-->src\main\AndroidManifest.xml:33:27-73
42            </intent-filter>
43        </activity>
44        <activity
44-->src\main\AndroidManifest.xml:37:9-45:20
45            android:name="app.msdeep14.tripcount.AddPlaceDetails"
45-->src\main\AndroidManifest.xml:37:19-50
46            android:parentActivityName="app.msdeep14.tripcount.AddPlace"
46-->src\main\AndroidManifest.xml:38:13-51
47            android:screenOrientation="portrait" >
47-->src\main\AndroidManifest.xml:39:13-49
48            <intent-filter>
48-->src\main\AndroidManifest.xml:40:13-44:29
49                <action android:name="app.msdeep14.tripcount.AddPlaceDetails" />
49-->src\main\AndroidManifest.xml:41:17-81
49-->src\main\AndroidManifest.xml:41:25-78
50
51                <category android:name="android.intent.category.DEFAULT" />
51-->src\main\AndroidManifest.xml:33:17-76
51-->src\main\AndroidManifest.xml:33:27-73
52            </intent-filter>
53        </activity>
54        <activity
54-->src\main\AndroidManifest.xml:47:9-55:20
55            android:name="app.msdeep14.tripcount.Display_friend"
55-->src\main\AndroidManifest.xml:47:19-49
56            android:parentActivityName="app.msdeep14.tripcount.MainActivity"
56-->src\main\AndroidManifest.xml:49:13-55
57            android:screenOrientation="portrait" >
57-->src\main\AndroidManifest.xml:48:13-49
58            <intent-filter>
58-->src\main\AndroidManifest.xml:50:13-54:29
59                <action android:name="app.msdeep14.tripcount.Display_friend" />
59-->src\main\AndroidManifest.xml:51:17-80
59-->src\main\AndroidManifest.xml:51:25-77
60
61                <category android:name="android.intent.category.DEFAULT" />
61-->src\main\AndroidManifest.xml:33:17-76
61-->src\main\AndroidManifest.xml:33:27-73
62            </intent-filter>
63        </activity>
64        <activity
64-->src\main\AndroidManifest.xml:57:9-65:20
65            android:name="app.msdeep14.tripcount.Display_friendDetails"
65-->src\main\AndroidManifest.xml:57:19-56
66            android:parentActivityName="app.msdeep14.tripcount.Display_friend"
66-->src\main\AndroidManifest.xml:59:13-57
67            android:screenOrientation="portrait" >
67-->src\main\AndroidManifest.xml:58:13-49
68            <intent-filter>
68-->src\main\AndroidManifest.xml:60:13-64:29
69                <action android:name="app.msdeep14.tripcount.Display_friendDetails" />
69-->src\main\AndroidManifest.xml:61:17-87
69-->src\main\AndroidManifest.xml:61:25-84
70
71                <category android:name="android.intent.category.DEFAULT" />
71-->src\main\AndroidManifest.xml:33:17-76
71-->src\main\AndroidManifest.xml:33:27-73
72            </intent-filter>
73        </activity>
74        <activity
74-->src\main\AndroidManifest.xml:67:9-75:20
75            android:name="app.msdeep14.tripcount.Update"
75-->src\main\AndroidManifest.xml:67:19-41
76            android:parentActivityName="app.msdeep14.tripcount.ViewTripDetails"
76-->src\main\AndroidManifest.xml:69:13-58
77            android:screenOrientation="portrait" >
77-->src\main\AndroidManifest.xml:68:13-49
78            <intent-filter>
78-->src\main\AndroidManifest.xml:70:13-74:29
79                <action android:name="app.msdeep14.tripcount.Update" />
79-->src\main\AndroidManifest.xml:71:17-72
79-->src\main\AndroidManifest.xml:71:25-69
80
81                <category android:name="android.intent.category.DEFAULT" />
81-->src\main\AndroidManifest.xml:33:17-76
81-->src\main\AndroidManifest.xml:33:27-73
82            </intent-filter>
83        </activity>
84        <activity
84-->src\main\AndroidManifest.xml:77:9-85:20
85            android:name="app.msdeep14.tripcount.ViewTripDetails"
85-->src\main\AndroidManifest.xml:77:19-50
86            android:parentActivityName="app.msdeep14.tripcount.AddPlace"
86-->src\main\AndroidManifest.xml:78:13-51
87            android:screenOrientation="portrait" >
87-->src\main\AndroidManifest.xml:79:13-49
88            <intent-filter>
88-->src\main\AndroidManifest.xml:80:13-84:29
89                <action android:name="app.msdeep14.tripcount.ViewTripDetails" />
89-->src\main\AndroidManifest.xml:81:17-81
89-->src\main\AndroidManifest.xml:81:25-78
90
91                <category android:name="android.intent.category.DEFAULT" />
91-->src\main\AndroidManifest.xml:33:17-76
91-->src\main\AndroidManifest.xml:33:27-73
92            </intent-filter>
93        </activity>
94    </application>
95
96</manifest>